<?xml version="1.0" encoding="UTF-8"?>
<testsuite name="grailsblog.CommentControllerSpec" tests="6" skipped="0" failures="4" errors="0" timestamp="2016-12-08T13:46:17" hostname="TNG10" time="3.112">
  <properties/>
  <testcase name="Test the index action returns the correct model" classname="grailsblog.CommentControllerSpec" time="2.869"/>
  <testcase name="Test the create action returns the correct model" classname="grailsblog.CommentControllerSpec" time="0.062"/>
  <testcase name="Test the saveComment action correctly persists an instance" classname="grailsblog.CommentControllerSpec" time="0.034">
    <failure message="java.lang.IllegalStateException: Either class [grailsblog.BlogPost] is not a domain class or GORM has not been initialized correctly or has already been shutdown. Ensure GORM is loaded and configured correctly before calling any methods on a GORM entity." type="java.lang.IllegalStateException">java.lang.IllegalStateException: Either class [grailsblog.BlogPost] is not a domain class or GORM has not been initialized correctly or has already been shutdown. Ensure GORM is loaded and configured correctly before calling any methods on a GORM entity.
	at org.grails.datastore.gorm.GormEnhancer.stateException(GormEnhancer.groovy:380)
	at org.grails.datastore.gorm.GormEnhancer.findDatastore(GormEnhancer.groovy:300)
	at org.grails.datastore.gorm.GormEnhancer.findTenantId(GormEnhancer.groovy:220)
	at org.grails.datastore.gorm.GormEnhancer.findStaticApi(GormEnhancer.groovy:245)
	at org.grails.datastore.gorm.GormEntity$Trait$Helper.currentGormStaticApi(GormEntity.groovy:1330)
	at org.grails.datastore.gorm.GormEntity$Trait$Helper.staticMethodMissing(GormEntity.groovy:749)
	at grailsblog.CommentController.$tt__saveComment(CommentController.groovy:24)
	at grailsblog.CommentController.saveComment_closure2(CommentController.groovy)
	at groovy.lang.Closure.call(Closure.java:414)
	at groovy.lang.Closure.call(Closure.java:430)
	at grails.transaction.GrailsTransactionTemplate$2.doInTransaction(GrailsTransactionTemplate.groovy:96)
	at org.springframework.transaction.support.TransactionTemplate.execute(TransactionTemplate.java:133)
	at grails.transaction.GrailsTransactionTemplate.execute(GrailsTransactionTemplate.groovy:93)
	at grailsblog.CommentControllerSpec.Test the saveComment action correctly persists an instance(CommentControllerSpec.groovy:40)
</failure>
  </testcase>
  <testcase name="Test that the show action returns the correct model" classname="grailsblog.CommentControllerSpec" time="0.01">
    <failure message="groovy.lang.MissingMethodException: No signature of method: grailsblog.CommentController.show() is applicable for argument types: (null) values: [null]&#10;Possible solutions: wait(), dump(), find(), grep(), any(), wait(long)" type="groovy.lang.MissingMethodException">groovy.lang.MissingMethodException: No signature of method: grailsblog.CommentController.show() is applicable for argument types: (null) values: [null]
Possible solutions: wait(), dump(), find(), grep(), any(), wait(long)
	at grails.artefact.gsp.TagLibraryInvoker$Trait$Helper.methodMissing(TagLibraryInvoker.groovy:92)
	at grailsblog.CommentControllerSpec.Test that the show action returns the correct model(CommentControllerSpec.groovy:48)
</failure>
  </testcase>
  <testcase name="Test that the edit action returns the correct model" classname="grailsblog.CommentControllerSpec" time="0.006">
    <failure message="groovy.lang.MissingMethodException: No signature of method: grailsblog.CommentController.edit() is applicable for argument types: (null) values: [null]&#10;Possible solutions: wait(), wait(long), delete(), wait(long, int), split(groovy.lang.Closure), each(groovy.lang.Closure)" type="groovy.lang.MissingMethodException">groovy.lang.MissingMethodException: No signature of method: grailsblog.CommentController.edit() is applicable for argument types: (null) values: [null]
Possible solutions: wait(), wait(long), delete(), wait(long, int), split(groovy.lang.Closure), each(groovy.lang.Closure)
	at grails.artefact.gsp.TagLibraryInvoker$Trait$Helper.methodMissing(TagLibraryInvoker.groovy:92)
	at grailsblog.CommentControllerSpec.Test that the edit action returns the correct model(CommentControllerSpec.groovy:64)
</failure>
  </testcase>
  <testcase name="Test the update action performs an update on a valid domain instance" classname="grailsblog.CommentControllerSpec" time="0.131">
    <failure message="Condition not satisfied:&#10;&#10;comment != null&#10;|       |&#10;null    false&#10;" type="org.spockframework.runtime.ConditionNotSatisfiedError">Condition not satisfied:

comment != null
|       |
null    false

	at grailsblog.CommentControllerSpec.Test the update action performs an update on a valid domain instance(CommentControllerSpec.groovy:105)
</failure>
  </testcase>
  <system-out><![CDATA[]]></system-out>
  <system-err><![CDATA[]]></system-err>
</testsuite>
