<?xml version="1.0" encoding="UTF-8"?>
<testsuite name="grailsblog.BlogPostControllerSpec" tests="6" skipped="0" failures="0" errors="0" timestamp="2016-12-13T20:51:47" hostname="TNG10" time="3.195">
  <properties/>
  <testcase name="Test the index action returns the correct model" classname="grailsblog.BlogPostControllerSpec" time="2.859"/>
  <testcase name="Test the create action returns the correct model" classname="grailsblog.BlogPostControllerSpec" time="0.062"/>
  <testcase name="Test the save action correctly persists an instance" classname="grailsblog.BlogPostControllerSpec" time="0.178"/>
  <testcase name="Test that the show action returns the correct model" classname="grailsblog.BlogPostControllerSpec" time="0.014"/>
  <testcase name="Test that the saveCommentWithoutRender action adds a comment to the blog post" classname="grailsblog.BlogPostControllerSpec" time="0.069"/>
  <testcase name="Test that the edit post action edits a post's text and title" classname="grailsblog.BlogPostControllerSpec" time="0.013"/>
  <system-out><![CDATA[]]></system-out>
  <system-err><![CDATA[]]></system-err>
</testsuite>
