<?xml version="1.0" encoding="UTF-8"?>
<testsuite name="grailsblog.BlogHomeControllerSpec" tests="1" skipped="0" failures="0" errors="0" timestamp="2016-12-08T20:52:04" hostname="TNG10" time="2.624">
  <properties/>
  <testcase name="tenMostRecent pulls ten and they are in descending order by date created" classname="grailsblog.BlogHomeControllerSpec" time="2.624"/>
  <system-out><![CDATA[]]></system-out>
  <system-err><![CDATA[]]></system-err>
</testsuite>
